21:27:20.212 [main] INFO  org.quartz.impl.StdSchedulerFactory.instantiate(StdSchedulerFactory.java:1208) - Using default implementation for ThreadExecutor
21:27:20.222 [main] INFO  org.quartz.simpl.SimpleThreadPool.initialize(SimpleThreadPool.java:268) - Job execution threads will use class loader of thread: main
21:27:20.230 [main] INFO  org.quartz.core.SchedulerSignalerImpl.<init>(SchedulerSignalerImpl.java:61) - Initialized Scheduler Signaller of type: class org.quartz.core.SchedulerSignalerImpl
21:27:20.230 [main] INFO  org.quartz.core.QuartzScheduler.<init>(QuartzScheduler.java:229) - Quartz Scheduler v.2.3.1 created.
21:27:20.231 [main] INFO  org.quartz.simpl.RAMJobStore.initialize(RAMJobStore.java:155) - RAMJobStore initialized.
21:27:20.232 [main] INFO  org.quartz.core.QuartzScheduler.initialize(QuartzScheduler.java:294) - Scheduler meta-data: Quartz Scheduler (v2.3.1) 'DefaultQuartzScheduler' with instanceId 'NON_CLUSTERED'
  Scheduler class: 'org.quartz.core.QuartzScheduler' - running locally.
  NOT STARTED.
  Currently in standby mode.
  Number of jobs executed: 0
  Using thread pool 'org.quartz.simpl.SimpleThreadPool' - with 10 threads.
  Using job-store 'org.quartz.simpl.RAMJobStore' - which does not support persistence. and is not clustered.

21:27:20.232 [main] INFO  org.quartz.impl.StdSchedulerFactory.instantiate(StdSchedulerFactory.java:1362) - Quartz scheduler 'DefaultQuartzScheduler' initialized from default resource file in Quartz package: 'quartz.properties'
21:27:20.232 [main] INFO  org.quartz.impl.StdSchedulerFactory.instantiate(StdSchedulerFactory.java:1366) - Quartz scheduler version: 2.3.1
21:27:20.232 [main] INFO  org.quartz.core.QuartzScheduler.start(QuartzScheduler.java:547) - Scheduler DefaultQuartzScheduler_$_NON_CLUSTERED started.
21:27:59.537 [main] INFO  org.quartz.impl.StdSchedulerFactory.instantiate(StdSchedulerFactory.java:1208) - Using default implementation for ThreadExecutor
21:27:59.538 [main] INFO  org.quartz.simpl.SimpleThreadPool.initialize(SimpleThreadPool.java:268) - Job execution threads will use class loader of thread: main
21:27:59.546 [main] INFO  org.quartz.core.SchedulerSignalerImpl.<init>(SchedulerSignalerImpl.java:61) - Initialized Scheduler Signaller of type: class org.quartz.core.SchedulerSignalerImpl
21:27:59.546 [main] INFO  org.quartz.core.QuartzScheduler.<init>(QuartzScheduler.java:229) - Quartz Scheduler v.2.3.1 created.
21:27:59.547 [main] INFO  org.quartz.simpl.RAMJobStore.initialize(RAMJobStore.java:155) - RAMJobStore initialized.
21:27:59.548 [main] INFO  org.quartz.core.QuartzScheduler.initialize(QuartzScheduler.java:294) - Scheduler meta-data: Quartz Scheduler (v2.3.1) 'DefaultQuartzScheduler' with instanceId 'NON_CLUSTERED'
  Scheduler class: 'org.quartz.core.QuartzScheduler' - running locally.
  NOT STARTED.
  Currently in standby mode.
  Number of jobs executed: 0
  Using thread pool 'org.quartz.simpl.SimpleThreadPool' - with 10 threads.
  Using job-store 'org.quartz.simpl.RAMJobStore' - which does not support persistence. and is not clustered.

21:27:59.548 [main] INFO  org.quartz.impl.StdSchedulerFactory.instantiate(StdSchedulerFactory.java:1362) - Quartz scheduler 'DefaultQuartzScheduler' initialized from default resource file in Quartz package: 'quartz.properties'
21:27:59.548 [main] INFO  org.quartz.impl.StdSchedulerFactory.instantiate(StdSchedulerFactory.java:1366) - Quartz scheduler version: 2.3.1
21:27:59.548 [main] INFO  org.quartz.core.QuartzScheduler.start(QuartzScheduler.java:547) - Scheduler DefaultQuartzScheduler_$_NON_CLUSTERED started.
21:28:30.097 [main] INFO  org.quartz.impl.StdSchedulerFactory.instantiate(StdSchedulerFactory.java:1208) - Using default implementation for ThreadExecutor
21:28:30.100 [main] INFO  org.quartz.simpl.SimpleThreadPool.initialize(SimpleThreadPool.java:268) - Job execution threads will use class loader of thread: main
21:28:30.107 [main] INFO  org.quartz.core.SchedulerSignalerImpl.<init>(SchedulerSignalerImpl.java:61) - Initialized Scheduler Signaller of type: class org.quartz.core.SchedulerSignalerImpl
21:28:30.107 [main] INFO  org.quartz.core.QuartzScheduler.<init>(QuartzScheduler.java:229) - Quartz Scheduler v.2.3.1 created.
21:28:30.107 [main] INFO  org.quartz.simpl.RAMJobStore.initialize(RAMJobStore.java:155) - RAMJobStore initialized.
21:28:30.108 [main] INFO  org.quartz.core.QuartzScheduler.initialize(QuartzScheduler.java:294) - Scheduler meta-data: Quartz Scheduler (v2.3.1) 'DefaultQuartzScheduler' with instanceId 'NON_CLUSTERED'
  Scheduler class: 'org.quartz.core.QuartzScheduler' - running locally.
  NOT STARTED.
  Currently in standby mode.
  Number of jobs executed: 0
  Using thread pool 'org.quartz.simpl.SimpleThreadPool' - with 10 threads.
  Using job-store 'org.quartz.simpl.RAMJobStore' - which does not support persistence. and is not clustered.

21:28:30.108 [main] INFO  org.quartz.impl.StdSchedulerFactory.instantiate(StdSchedulerFactory.java:1362) - Quartz scheduler 'DefaultQuartzScheduler' initialized from default resource file in Quartz package: 'quartz.properties'
21:28:30.108 [main] INFO  org.quartz.impl.StdSchedulerFactory.instantiate(StdSchedulerFactory.java:1366) - Quartz scheduler version: 2.3.1
21:28:30.108 [main] INFO  org.quartz.core.QuartzScheduler.start(QuartzScheduler.java:547) - Scheduler DefaultQuartzScheduler_$_NON_CLUSTERED started.
