21:17:28.461 [main] INFO  org.quartz.impl.StdSchedulerFactory.instantiate(StdSchedulerFactory.java:1208) - Using default implementation for ThreadExecutor
21:17:28.473 [main] INFO  org.quartz.simpl.SimpleThreadPool.initialize(SimpleThreadPool.java:268) - Job execution threads will use class loader of thread: main
21:17:28.484 [main] INFO  org.quartz.core.SchedulerSignalerImpl.<init>(SchedulerSignalerImpl.java:61) - Initialized Scheduler Signaller of type: class org.quartz.core.SchedulerSignalerImpl
21:17:28.484 [main] INFO  org.quartz.core.QuartzScheduler.<init>(QuartzScheduler.java:229) - Quartz Scheduler v.2.3.1 created.
21:17:28.485 [main] INFO  org.quartz.simpl.RAMJobStore.initialize(RAMJobStore.java:155) - RAMJobStore initialized.
21:17:28.485 [main] INFO  org.quartz.core.QuartzScheduler.initialize(QuartzScheduler.java:294) - Scheduler meta-data: Quartz Scheduler (v2.3.1) 'DefaultQuartzScheduler' with instanceId 'NON_CLUSTERED'
  Scheduler class: 'org.quartz.core.QuartzScheduler' - running locally.
  NOT STARTED.
  Currently in standby mode.
  Number of jobs executed: 0
  Using thread pool 'org.quartz.simpl.SimpleThreadPool' - with 10 threads.
  Using job-store 'org.quartz.simpl.RAMJobStore' - which does not support persistence. and is not clustered.

21:17:28.485 [main] INFO  org.quartz.impl.StdSchedulerFactory.instantiate(StdSchedulerFactory.java:1362) - Quartz scheduler 'DefaultQuartzScheduler' initialized from default resource file in Quartz package: 'quartz.properties'
21:17:28.485 [main] INFO  org.quartz.impl.StdSchedulerFactory.instantiate(StdSchedulerFactory.java:1366) - Quartz scheduler version: 2.3.1
21:17:28.488 [main] INFO  org.quartz.core.QuartzScheduler.start(QuartzScheduler.java:547) - Scheduler DefaultQuartzScheduler_$_NON_CLUSTERED started.
21:19:37.929 [main] INFO  org.quartz.impl.StdSchedulerFactory.instantiate(StdSchedulerFactory.java:1208) - Using default implementation for ThreadExecutor
21:19:37.940 [main] INFO  org.quartz.simpl.SimpleThreadPool.initialize(SimpleThreadPool.java:268) - Job execution threads will use class loader of thread: main
21:19:37.951 [main] INFO  org.quartz.core.SchedulerSignalerImpl.<init>(SchedulerSignalerImpl.java:61) - Initialized Scheduler Signaller of type: class org.quartz.core.SchedulerSignalerImpl
21:19:37.951 [main] INFO  org.quartz.core.QuartzScheduler.<init>(QuartzScheduler.java:229) - Quartz Scheduler v.2.3.1 created.
21:19:37.951 [main] INFO  org.quartz.simpl.RAMJobStore.initialize(RAMJobStore.java:155) - RAMJobStore initialized.
21:19:37.952 [main] INFO  org.quartz.core.QuartzScheduler.initialize(QuartzScheduler.java:294) - Scheduler meta-data: Quartz Scheduler (v2.3.1) 'DefaultQuartzScheduler' with instanceId 'NON_CLUSTERED'
  Scheduler class: 'org.quartz.core.QuartzScheduler' - running locally.
  NOT STARTED.
  Currently in standby mode.
  Number of jobs executed: 0
  Using thread pool 'org.quartz.simpl.SimpleThreadPool' - with 10 threads.
  Using job-store 'org.quartz.simpl.RAMJobStore' - which does not support persistence. and is not clustered.

21:19:37.952 [main] INFO  org.quartz.impl.StdSchedulerFactory.instantiate(StdSchedulerFactory.java:1362) - Quartz scheduler 'DefaultQuartzScheduler' initialized from default resource file in Quartz package: 'quartz.properties'
21:19:37.952 [main] INFO  org.quartz.impl.StdSchedulerFactory.instantiate(StdSchedulerFactory.java:1366) - Quartz scheduler version: 2.3.1
21:19:37.956 [main] INFO  org.quartz.core.QuartzScheduler.start(QuartzScheduler.java:547) - Scheduler DefaultQuartzScheduler_$_NON_CLUSTERED started.
21:20:21.425 [main] INFO  org.quartz.impl.StdSchedulerFactory.instantiate(StdSchedulerFactory.java:1208) - Using default implementation for ThreadExecutor
21:20:21.436 [main] INFO  org.quartz.simpl.SimpleThreadPool.initialize(SimpleThreadPool.java:268) - Job execution threads will use class loader of thread: main
21:20:21.447 [main] INFO  org.quartz.core.SchedulerSignalerImpl.<init>(SchedulerSignalerImpl.java:61) - Initialized Scheduler Signaller of type: class org.quartz.core.SchedulerSignalerImpl
21:20:21.447 [main] INFO  org.quartz.core.QuartzScheduler.<init>(QuartzScheduler.java:229) - Quartz Scheduler v.2.3.1 created.
21:20:21.448 [main] INFO  org.quartz.simpl.RAMJobStore.initialize(RAMJobStore.java:155) - RAMJobStore initialized.
21:20:21.448 [main] INFO  org.quartz.core.QuartzScheduler.initialize(QuartzScheduler.java:294) - Scheduler meta-data: Quartz Scheduler (v2.3.1) 'DefaultQuartzScheduler' with instanceId 'NON_CLUSTERED'
  Scheduler class: 'org.quartz.core.QuartzScheduler' - running locally.
  NOT STARTED.
  Currently in standby mode.
  Number of jobs executed: 0
  Using thread pool 'org.quartz.simpl.SimpleThreadPool' - with 10 threads.
  Using job-store 'org.quartz.simpl.RAMJobStore' - which does not support persistence. and is not clustered.

21:20:21.448 [main] INFO  org.quartz.impl.StdSchedulerFactory.instantiate(StdSchedulerFactory.java:1362) - Quartz scheduler 'DefaultQuartzScheduler' initialized from default resource file in Quartz package: 'quartz.properties'
21:20:21.448 [main] INFO  org.quartz.impl.StdSchedulerFactory.instantiate(StdSchedulerFactory.java:1366) - Quartz scheduler version: 2.3.1
21:20:56.547 [main] INFO  org.quartz.impl.StdSchedulerFactory.instantiate(StdSchedulerFactory.java:1208) - Using default implementation for ThreadExecutor
21:20:56.558 [main] INFO  org.quartz.simpl.SimpleThreadPool.initialize(SimpleThreadPool.java:268) - Job execution threads will use class loader of thread: main
21:20:56.567 [main] INFO  org.quartz.core.SchedulerSignalerImpl.<init>(SchedulerSignalerImpl.java:61) - Initialized Scheduler Signaller of type: class org.quartz.core.SchedulerSignalerImpl
21:20:56.567 [main] INFO  org.quartz.core.QuartzScheduler.<init>(QuartzScheduler.java:229) - Quartz Scheduler v.2.3.1 created.
21:20:56.569 [main] INFO  org.quartz.simpl.RAMJobStore.initialize(RAMJobStore.java:155) - RAMJobStore initialized.
21:20:56.570 [main] INFO  org.quartz.core.QuartzScheduler.initialize(QuartzScheduler.java:294) - Scheduler meta-data: Quartz Scheduler (v2.3.1) 'DefaultQuartzScheduler' with instanceId 'NON_CLUSTERED'
  Scheduler class: 'org.quartz.core.QuartzScheduler' - running locally.
  NOT STARTED.
  Currently in standby mode.
  Number of jobs executed: 0
  Using thread pool 'org.quartz.simpl.SimpleThreadPool' - with 10 threads.
  Using job-store 'org.quartz.simpl.RAMJobStore' - which does not support persistence. and is not clustered.

21:20:56.570 [main] INFO  org.quartz.impl.StdSchedulerFactory.instantiate(StdSchedulerFactory.java:1362) - Quartz scheduler 'DefaultQuartzScheduler' initialized from default resource file in Quartz package: 'quartz.properties'
21:20:56.570 [main] INFO  org.quartz.impl.StdSchedulerFactory.instantiate(StdSchedulerFactory.java:1366) - Quartz scheduler version: 2.3.1
21:20:56.574 [main] INFO  org.quartz.core.QuartzScheduler.start(QuartzScheduler.java:547) - Scheduler DefaultQuartzScheduler_$_NON_CLUSTERED started.
21:22:56.778 [main] INFO  org.quartz.impl.StdSchedulerFactory.instantiate(StdSchedulerFactory.java:1208) - Using default implementation for ThreadExecutor
21:22:56.780 [main] INFO  org.quartz.simpl.SimpleThreadPool.initialize(SimpleThreadPool.java:268) - Job execution threads will use class loader of thread: main
21:22:56.789 [main] INFO  org.quartz.core.SchedulerSignalerImpl.<init>(SchedulerSignalerImpl.java:61) - Initialized Scheduler Signaller of type: class org.quartz.core.SchedulerSignalerImpl
21:22:56.789 [main] INFO  org.quartz.core.QuartzScheduler.<init>(QuartzScheduler.java:229) - Quartz Scheduler v.2.3.1 created.
21:22:56.790 [main] INFO  org.quartz.simpl.RAMJobStore.initialize(RAMJobStore.java:155) - RAMJobStore initialized.
21:22:56.790 [main] INFO  org.quartz.core.QuartzScheduler.initialize(QuartzScheduler.java:294) - Scheduler meta-data: Quartz Scheduler (v2.3.1) 'DefaultQuartzScheduler' with instanceId 'NON_CLUSTERED'
  Scheduler class: 'org.quartz.core.QuartzScheduler' - running locally.
  NOT STARTED.
  Currently in standby mode.
  Number of jobs executed: 0
  Using thread pool 'org.quartz.simpl.SimpleThreadPool' - with 10 threads.
  Using job-store 'org.quartz.simpl.RAMJobStore' - which does not support persistence. and is not clustered.

21:22:56.790 [main] INFO  org.quartz.impl.StdSchedulerFactory.instantiate(StdSchedulerFactory.java:1362) - Quartz scheduler 'DefaultQuartzScheduler' initialized from default resource file in Quartz package: 'quartz.properties'
21:22:56.790 [main] INFO  org.quartz.impl.StdSchedulerFactory.instantiate(StdSchedulerFactory.java:1366) - Quartz scheduler version: 2.3.1
21:22:56.794 [main] INFO  org.quartz.core.QuartzScheduler.start(QuartzScheduler.java:547) - Scheduler DefaultQuartzScheduler_$_NON_CLUSTERED started.
21:22:56.794 [main] INFO  org.quartz.core.QuartzScheduler.shutdown(QuartzScheduler.java:666) - Scheduler DefaultQuartzScheduler_$_NON_CLUSTERED shutting down.
21:22:56.794 [main] INFO  org.quartz.core.QuartzScheduler.standby(QuartzScheduler.java:585) - Scheduler DefaultQuartzScheduler_$_NON_CLUSTERED paused.
21:22:56.794 [main] INFO  org.quartz.core.QuartzScheduler.shutdown(QuartzScheduler.java:740) - Scheduler DefaultQuartzScheduler_$_NON_CLUSTERED shutdown complete.
